[16:35:25] [main/WARN]: Ambiguity between arguments [teleport, destination] and [teleport, targets] with inputs: [Player, 0123, @e, dd12be42-52a9-4a91-a8a1-11c01849e498]
[16:35:25] [main/WARN]: Ambiguity between arguments [teleport, location] and [teleport, destination] with inputs: [0.1 -0.5 .9, 0 0 0]
[16:35:25] [main/WARN]: Ambiguity between arguments [teleport, location] and [teleport, targets] with inputs: [0.1 -0.5 .9, 0 0 0]
[16:35:25] [main/WARN]: Ambiguity between arguments [teleport, targets] and [teleport, destination] with inputs: [Player, 0123, dd12be42-52a9-4a91-a8a1-11c01849e498]
[16:35:25] [main/WARN]: Ambiguity between arguments [teleport, targets, location] and [teleport, targets, destination] with inputs: [0.1 -0.5 .9, 0 0 0]
[16:35:25] [Server thread/INFO]: Starting minecraft server version 1.15.2
[16:35:25] [Server thread/INFO]: Loading properties
[16:35:25] [Server thread/INFO]: Default game type: SURVIVAL
[16:35:25] [Server thread/INFO]: Generating keypair
[16:35:25] [Server thread/INFO]: Starting Minecraft server on *:25565
[16:35:25] [Server thread/INFO]: Using default channel type
[16:35:26] [Server thread/WARN]: **** SERVER IS RUNNING IN OFFLINE/INSECURE MODE!
[16:35:26] [Server thread/WARN]: The server will make no attempt to authenticate usernames. Beware.
[16:35:26] [Server thread/WARN]: While this makes the game possible to play without internet access, it also opens up the ability for hackers to connect with any username they choose.
[16:35:26] [Server thread/WARN]: To change this, set "online-mode" to "true" in the server.properties file.
[16:35:26] [Server thread/INFO]: Preparing level "world"
[16:35:26] [Server thread/INFO]: Reloading ResourceManager: Default
[16:35:27] [Server thread/INFO]: Loaded 6 recipes
[16:35:27] [Server thread/INFO]: Loaded 825 advancements
[16:35:27] [Server thread/INFO]: Preparing start region for dimension minecraft:overworld
[16:35:28] [Server thread/INFO]: Preparing spawn area: 0%
[16:35:28] [Server thread/INFO]: Preparing spawn area: 0%
[16:35:28] [Server thread/INFO]: Time elapsed: 1001 ms
[16:35:28] [Server thread/INFO]: Done (1.805s)! For help, type "help"
[16:35:30] [Server thread/INFO]: BigBobFail[/68.97.177.218:64576] logged in with entity id 536 at (15.31484017936855, 94.0, 126.98564317886854)
[16:35:30] [Server thread/INFO]: BigBobFail joined the game
[16:35:44] [Server thread/INFO]: BigBobFail lost connection: Disconnected
[16:35:44] [Server thread/INFO]: BigBobFail left the game
[16:36:12] [Server thread/INFO]: BigBobFail[/68.97.177.218:64581] logged in with entity id 680 at (15.422488284229118, 93.0, 128.3448831853365)
[16:36:12] [Server thread/INFO]: BigBobFail joined the game
[16:36:18] [Server thread/INFO]: damnitzjohn[/68.97.137.236:57668] logged in with entity id 812 at (-64.7338531597119, 61.0, 202.6515462393917)
[16:36:18] [Server thread/INFO]: damnitzjohn joined the game
[16:37:24] [Server thread/INFO]: Unknown command
[16:37:24] [Server thread/INFO]: /save<--[HERE]
[16:37:26] [Server thread/INFO]: Unknown command
[16:37:26] [Server thread/INFO]: save<--[HERE]
[16:37:32] [Server thread/INFO]: /advancement (grant|revoke)
[16:37:32] [Server thread/INFO]: /ban <targets> [<reason>]
[16:37:32] [Server thread/INFO]: /ban-ip <target> [<reason>]
[16:37:32] [Server thread/INFO]: /banlist [ips|players]
[16:37:32] [Server thread/INFO]: /bossbar (add|get|list|remove|set)
[16:37:32] [Server thread/INFO]: /clear [<targets>]
[16:37:32] [Server thread/INFO]: /clone <begin> <end> <destination> [filtered|masked|replace]
[16:37:32] [Server thread/INFO]: /data (get|merge|modify|remove)
[16:37:32] [Server thread/INFO]: /datapack (disable|enable|list)
[16:37:32] [Server thread/INFO]: /debug (report|start|stop)
[16:37:32] [Server thread/INFO]: /defaultgamemode (adventure|creative|spectator|survival)
[16:37:32] [Server thread/INFO]: /deop <targets>
[16:37:32] [Server thread/INFO]: /difficulty [easy|hard|normal|peaceful]
[16:37:32] [Server thread/INFO]: /effect (clear|give)
[16:37:32] [Server thread/INFO]: /enchant <targets> <enchantment> [<level>]
[16:37:32] [Server thread/INFO]: /execute (align|anchored|as|at|facing|if|in|positioned|rotated|run|store|unless)
[16:37:32] [Server thread/INFO]: /experience (add|query|set)
[16:37:32] [Server thread/INFO]: /fill <from> <to> <block> [destroy|hollow|keep|outline|replace]
[16:37:32] [Server thread/INFO]: /forceload (add|query|remove)
[16:37:32] [Server thread/INFO]: /function <name>
[16:37:32] [Server thread/INFO]: /gamemode (adventure|creative|spectator|survival)
[16:37:32] [Server thread/INFO]: /gamerule (announceAdvancements|commandBlockOutput|disableElytraMovementCheck|disableRaids|doDaylightCycle|doEntityDrops|doFireTick|doImmediateRespawn|doInsomnia|doLimitedCrafting|doMobLoot|doMobSpawning|doPatrolSpawning|doTileDrops|doTraderSpawning|doWeatherCycle|drowningDamage|fallDamage|fireDamage|keepInventory|logAdminCommands|maxCommandChainLength|maxEntityCramming|mobGriefing|naturalRegeneration|randomTickSpeed|reducedDebugInfo|sendCommandFeedback|showDeathMessages|spawnRadius|spectatorsGenerateChunks)
[16:37:32] [Server thread/INFO]: /give <targets> <item> [<count>]
[16:37:32] [Server thread/INFO]: /help [<command>]
[16:37:32] [Server thread/INFO]: /kick <targets> [<reason>]
[16:37:32] [Server thread/INFO]: /kill [<targets>]
[16:37:32] [Server thread/INFO]: /list [uuids]
[16:37:32] [Server thread/INFO]: /locate (Buried_Treasure|Desert_Pyramid|EndCity|Fortress|Igloo|Jungle_Pyramid|Mansion|Mineshaft|Monument|Ocean_Ruin|Pillager_Outpost|Shipwreck|Stronghold|Swamp_Hut|Village)
[16:37:32] [Server thread/INFO]: /loot (give|insert|replace|spawn)
[16:37:32] [Server thread/INFO]: /me <action>
[16:37:32] [Server thread/INFO]: /msg <targets> <message>
[16:37:32] [Server thread/INFO]: /op <targets>
[16:37:32] [Server thread/INFO]: /pardon <targets>
[16:37:32] [Server thread/INFO]: /pardon-ip <target>
[16:37:32] [Server thread/INFO]: /particle <name> [<pos>]
[16:37:32] [Server thread/INFO]: /playsound <sound> (ambient|block|hostile|master|music|neutral|player|record|voice|weather)
[16:37:32] [Server thread/INFO]: /recipe (give|take)
[16:37:32] [Server thread/INFO]: /reload
[16:37:32] [Server thread/INFO]: /replaceitem (block|entity)
[16:37:32] [Server thread/INFO]: /save-all [flush]
[16:37:32] [Server thread/INFO]: /save-off
[16:37:32] [Server thread/INFO]: /save-on
[16:37:32] [Server thread/INFO]: /say <message>
[16:37:32] [Server thread/INFO]: /schedule (clear|function)
[16:37:32] [Server thread/INFO]: /scoreboard (objectives|players)
[16:37:32] [Server thread/INFO]: /seed
[16:37:32] [Server thread/INFO]: /setblock <pos> <block> [destroy|keep|replace]
[16:37:32] [Server thread/INFO]: /setidletimeout <minutes>
[16:37:32] [Server thread/INFO]: /setworldspawn [<pos>]
[16:37:32] [Server thread/INFO]: /spawnpoint [<targets>]
[16:37:32] [Server thread/INFO]: /spectate [<target>]
[16:37:32] [Server thread/INFO]: /spreadplayers <center> <spreadDistance> <maxRange> <respectTeams> <targets>
[16:37:32] [Server thread/INFO]: /stop
[16:37:32] [Server thread/INFO]: /stopsound <targets> [*|ambient|block|hostile|master|music|neutral|player|record|voice|weather]
[16:37:32] [Server thread/INFO]: /summon <entity> [<pos>]
[16:37:32] [Server thread/INFO]: /tag <targets> (add|list|remove)
[16:37:32] [Server thread/INFO]: /team (add|empty|join|leave|list|modify|remove)
[16:37:32] [Server thread/INFO]: /teammsg <message>
[16:37:32] [Server thread/INFO]: /teleport (<destination>|<location>|<targets>)
[16:37:32] [Server thread/INFO]: /tell -> msg
[16:37:32] [Server thread/INFO]: /tellraw <targets> <message>
[16:37:32] [Server thread/INFO]: /time (add|query|set)
[16:37:32] [Server thread/INFO]: /title <targets> (actionbar|clear|reset|subtitle|times|title)
[16:37:32] [Server thread/INFO]: /tm -> teammsg
[16:37:32] [Server thread/INFO]: /tp -> teleport
[16:37:32] [Server thread/INFO]: /trigger <objective> [add|set]
[16:37:32] [Server thread/INFO]: /w -> msg
[16:37:32] [Server thread/INFO]: /weather (clear|rain|thunder)
[16:37:32] [Server thread/INFO]: /whitelist (add|list|off|on|reload|remove)
[16:37:32] [Server thread/INFO]: /worldborder (add|center|damage|get|set|warning)
[16:37:32] [Server thread/INFO]: /xp -> experience
[16:37:38] [Server thread/INFO]: Saving the game (this may take a moment!)
[16:37:39] [Server thread/INFO]: Saved the game
[16:40:43] [Server thread/INFO]: PropaneTyrant[/24.253.208.104:53113] logged in with entity id 1740 at (-79.65120740588002, 64.0, 187.98153694858703)
[16:40:43] [Server thread/INFO]: PropaneTyrant joined the game
[17:03:37] [Server thread/WARN]: Fetching packet for removed entity awb['Air'/10053, l='world', x=-72.68, y=64.00, z=170.89]
[17:03:37] [Server thread/WARN]: Fetching packet for removed entity awb['Air'/10053, l='world', x=-72.68, y=64.00, z=170.89]
[17:03:37] [Server thread/WARN]: Fetching packet for removed entity awb['Air'/10053, l='world', x=-72.68, y=64.00, z=170.89]
[17:06:33] [Server thread/WARN]: Fetching packet for removed entity awb['Air'/10573, l='world', x=-73.63, y=64.00, z=165.90]
[17:06:33] [Server thread/WARN]: Fetching packet for removed entity awb['Air'/10573, l='world', x=-73.63, y=64.00, z=165.90]
[17:06:33] [Server thread/WARN]: Fetching packet for removed entity awb['Air'/10573, l='world', x=-73.63, y=64.00, z=165.90]
[17:06:52] [Server thread/WARN]: Fetching packet for removed entity awb['Air'/10614, l='world', x=-70.11, y=64.00, z=170.91]
[17:06:52] [Server thread/WARN]: Fetching packet for removed entity awb['Air'/10614, l='world', x=-70.11, y=64.00, z=170.91]
[17:06:52] [Server thread/WARN]: Fetching packet for removed entity awb['Air'/10614, l='world', x=-70.11, y=64.00, z=170.91]
[17:10:12] [Server thread/WARN]: Fetching packet for removed entity awb['Air'/11235, l='world', x=-71.68, y=64.00, z=164.03]
[17:10:12] [Server thread/WARN]: Fetching packet for removed entity awb['Air'/11235, l='world', x=-71.68, y=64.00, z=164.03]
[17:10:12] [Server thread/WARN]: Fetching packet for removed entity awb['Air'/11235, l='world', x=-71.68, y=64.00, z=164.03]
[17:10:59] [Server thread/WARN]: Fetching packet for removed entity awb['Air'/11377, l='world', x=-68.07, y=64.00, z=164.02]
[17:10:59] [Server thread/WARN]: Fetching packet for removed entity awb['Air'/11377, l='world', x=-68.07, y=64.00, z=164.02]
[17:10:59] [Server thread/WARN]: Fetching packet for removed entity awb['Air'/11377, l='world', x=-68.07, y=64.00, z=164.02]
[17:12:54] [Server thread/WARN]: Fetching packet for removed entity awb['Air'/11687, l='world', x=-68.67, y=64.00, z=164.73]
[17:12:54] [Server thread/WARN]: Fetching packet for removed entity awb['Air'/11687, l='world', x=-68.67, y=64.00, z=164.73]
[17:16:33] [Server thread/WARN]: Fetching packet for removed entity awb['Air'/12235, l='world', x=-69.95, y=64.00, z=165.89]
[17:16:33] [Server thread/WARN]: Fetching packet for removed entity awb['Air'/12235, l='world', x=-69.95, y=64.00, z=165.89]
[17:16:33] [Server thread/WARN]: Fetching packet for removed entity awb['Air'/12235, l='world', x=-69.95, y=64.00, z=165.89]
[17:22:11] [Server thread/WARN]: Fetching packet for removed entity awb['Ender Pearl'/13456, l='world', x=-3.46, y=69.00, z=336.76]
[17:30:25] [Server thread/INFO]: BigBobFail lost connection: Disconnected
[17:30:25] [Server thread/INFO]: BigBobFail left the game
[17:31:53] [Server thread/WARN]: Fetching packet for removed entity awb['Air'/15766, l='world', x=-71.57, y=64.00, z=163.25]
[17:31:53] [Server thread/WARN]: Fetching packet for removed entity awb['Air'/15766, l='world', x=-71.57, y=64.00, z=163.25]
[17:35:44] [Server thread/INFO]: PropaneTyrant lost connection: Disconnected
[17:35:44] [Server thread/INFO]: PropaneTyrant left the game
[17:36:07] [Server thread/INFO]: damnitzjohn lost connection: Disconnected
[17:36:07] [Server thread/INFO]: damnitzjohn left the game
[17:39:24] [Server thread/INFO]: Stopping the server
[17:39:24] [Server thread/INFO]: Stopping server
[17:39:24] [Server thread/INFO]: Saving players
[17:39:24] [Server thread/INFO]: Saving worlds
[17:39:24] [Server thread/INFO]: Saving chunks for level 'world'/minecraft:the_end
[17:39:24] [Server thread/INFO]: ThreadedAnvilChunkStorage (DIM1): All chunks are saved
[17:39:24] [Server thread/INFO]: Saving chunks for level 'world'/minecraft:the_nether
[17:39:24] [Server thread/INFO]: ThreadedAnvilChunkStorage (DIM-1): All chunks are saved
[17:39:24] [Server thread/INFO]: Saving chunks for level 'world'/minecraft:overworld
[17:39:24] [Server thread/INFO]: ThreadedAnvilChunkStorage (world): All chunks are saved
[17:39:24] [Server thread/INFO]: ThreadedAnvilChunkStorage (DIM1): All chunks are saved
[17:39:24] [Server thread/INFO]: ThreadedAnvilChunkStorage (DIM-1): All chunks are saved
[17:39:24] [Server thread/INFO]: ThreadedAnvilChunkStorage (world): All chunks are saved
